


ARM Macro Assembler    Page 1 


    1 00000000                 AREA             RESET, DATA, READONLY
    2 00000000                 EXPORT           __Vectors
    3 00000000         __Vectors
    4 00000000 10001000        DCD              0x10001000  ; stack pointer val
                                                            ue when stack is em
                                                            pty
    5 00000004 00000000        DCD              Reset_Handler ; reset vector
    6 00000008         
    7 00000008                 ALIGN
    8 00000008         
    9 00000008                 AREA             mycode, CODE, READONLY
   10 00000000                 ENTRY
   11 00000000                 EXPORT           Reset_Handler
   12 00000000         
   13 00000000         Reset_Handler
   14 00000000 4B10            LDR              R3,=VALUE1
   15 00000002 4C11            LDR              R4,=VALUE2
   16 00000004 4D11            LDR              R5,=RESULT
   17 00000006 F04F 0204       MOV              R2, #4
   18 0000000A         
   19 0000000A         
   20 0000000A         loop
   21 0000000A 4616            MOV              R6, R2
   22 0000000C 1E76            SUBS             R6,R6,#1
   23 0000000E F853 0026       LDR              R0,[R3,R6,LSL #2]
   24 00000012 F854 1026       LDR              R1,[R4,R6,LSL #2]
   25 00000016 EB10 0801       ADDS             R8 ,R0, R1
   26 0000001A F845 8026       STR              R8,[R5,R6,LSL #2]
   27 0000001E 1E52            SUBS             R2,R2,#1
   28 00000020 D1F3            BNE              loop
   29 00000022         
   30 00000022         
   31 00000022         
   32 00000022         
   33 00000022         
   34 00000022         
   35 00000022         STOP
   36 00000022 E7FE            B                STOP
   37 00000024         
   38 00000024 11111110 
              11111111 
              11111112 
              11111113 VALUE1  DCD              0X11111110,0X11111111,0X1111111
2,0X11111113 
                                                            ; First 32 bit numb
                                                            er
   39 00000034 22222220 
              22222221 
              22222222 
              22222223 VALUE2  DCD              0X22222220,0X22222221,0X2222222
2,0X22222223 
                                                            ; Second 32 bit num
                                                            ber 
   40 00000044 00000000 
              00000000 
              00000000         AREA             data, DATA, READWRITE
   41 00000000 00000000 
              00000000 
              00000000 



ARM Macro Assembler    Page 2 


              00000000 RESULT  DCD              0,0,0,0
                       
Command Line: --debug --xref --cpu=Cortex-M3 --apcs=interwork --depend=Q1.d -oQ
1.o -IC:\Keil\ARM\RV31\INC -IC:\Keil\ARM\CMSIS\Include -IC:\Keil\ARM\Inc\NXP\LP
C17xx --predefine="__EVAL SETA 1" --list=Q1.lst Q1.s



ARM Macro Assembler    Page 1 Alphabetic symbol ordering
Relocatable symbols

RESET 00000000

Symbol: RESET
   Definitions
      At line 1 in file Q1.s
   Uses
      None
Comment: RESET unused
__Vectors 00000000

Symbol: __Vectors
   Definitions
      At line 3 in file Q1.s
   Uses
      At line 2 in file Q1.s
Comment: __Vectors used once
2 symbols



ARM Macro Assembler    Page 1 Alphabetic symbol ordering
Relocatable symbols

Reset_Handler 00000000

Symbol: Reset_Handler
   Definitions
      At line 13 in file Q1.s
   Uses
      At line 5 in file Q1.s
      At line 11 in file Q1.s

STOP 00000022

Symbol: STOP
   Definitions
      At line 35 in file Q1.s
   Uses
      At line 36 in file Q1.s
Comment: STOP used once
VALUE1 00000024

Symbol: VALUE1
   Definitions
      At line 38 in file Q1.s
   Uses
      At line 14 in file Q1.s
Comment: VALUE1 used once
VALUE2 00000034

Symbol: VALUE2
   Definitions
      At line 39 in file Q1.s
   Uses
      At line 15 in file Q1.s
Comment: VALUE2 used once
loop 0000000A

Symbol: loop
   Definitions
      At line 20 in file Q1.s
   Uses
      At line 28 in file Q1.s
Comment: loop used once
mycode 00000000

Symbol: mycode
   Definitions
      At line 9 in file Q1.s
   Uses
      None
Comment: mycode unused
6 symbols



ARM Macro Assembler    Page 1 Alphabetic symbol ordering
Relocatable symbols

RESULT 00000000

Symbol: RESULT
   Definitions
      At line 41 in file Q1.s
   Uses
      At line 16 in file Q1.s
Comment: RESULT used once
data 00000000

Symbol: data
   Definitions
      At line 40 in file Q1.s
   Uses
      None
Comment: data unused
2 symbols
343 symbols in table
